<?xml version="1.0" encoding="UTF-8"?>
<testng-results ignored="0" total="1" passed="1" failed="0" skipped="0">
  <reporter-output>
  </reporter-output>
  <suite started-at="2024-08-20T01:39:27 BST" name="Default suite" finished-at="2024-08-20T01:39:53 BST" duration-ms="25469">
    <groups>
    </groups>
    <test started-at="2024-08-20T01:39:27 BST" name="Default test" finished-at="2024-08-20T01:39:53 BST" duration-ms="25469">
      <class name="testcase.MyFirstTest">
        <test-method is-config="true" signature="setUp()[pri:0, instance:testcase.MyFirstTest@25ce9dc4]" started-at="2024-08-20T01:39:27 BST" name="setUp" finished-at="2024-08-20T01:39:31 BST" duration-ms="4121" status="PASS">
          <reporter-output>
          </reporter-output>
        </test-method> <!-- setUp -->
        <test-method signature="LoginTest()[pri:0, instance:testcase.MyFirstTest@25ce9dc4]" started-at="2024-08-20T01:39:31 BST" name="LoginTest" finished-at="2024-08-20T01:39:53 BST" duration-ms="21178" status="PASS">
          <reporter-output>
          </reporter-output>
        </test-method> <!-- LoginTest -->
        <test-method is-config="true" signature="tearDown()[pri:0, instance:testcase.MyFirstTest@25ce9dc4]" started-at="2024-08-20T01:39:53 BST" name="tearDown" finished-at="2024-08-20T01:39:53 BST" duration-ms="137" status="PASS">
          <reporter-output>
          </reporter-output>
        </test-method> <!-- tearDown -->
      </class> <!-- testcase.MyFirstTest -->
    </test> <!-- Default test -->
  </suite> <!-- Default suite -->
</testng-results>
